-------------------------------------------------------------------------------
Test set: com.rak.jwt.CartServiceTest
-------------------------------------------------------------------------------
Tests run: 1, Failures: 0, Errors: 1, Skipped: 0, Time elapsed: 1.296 s <<< FAILURE! - in com.rak.jwt.CartServiceTest
com.rak.jwt.CartServiceTest  Time elapsed: 1.292 s  <<< ERROR!
java.lang.IllegalStateException: Unable to find a @SpringBootConfiguration, you need to use @ContextConfiguration or @SpringBootTest(classes=...) with your test

