-------------------------------------------------------------------------------
Test set: com.rak.jwt.JwtYoutubeApplicationTests
-------------------------------------------------------------------------------
Tests run: 1, Failures: 0, Errors: 1, Skipped: 0, Time elapsed: 0.022 s <<< FAILURE! - in com.rak.jwt.JwtYoutubeApplicationTests
com.rak.jwt.JwtYoutubeApplicationTests  Time elapsed: 0.022 s  <<< ERROR!
java.lang.IllegalStateException: Unable to find a @SpringBootConfiguration, you need to use @ContextConfiguration or @SpringBootTest(classes=...) with your test

