<?xml version="1.0" encoding="UTF-8"?>
<testsuite xmlns:xsi="http://www.w3.org/2001/XMLSchema-instance" xsi:noNamespaceSchemaLocation="https://maven.apache.org/surefire/maven-surefire-plugin/xsd/surefire-test-report.xsd" name="com.rak.jwt.CartControllerTest" time="3.898" tests="3" errors="0" skipped="0" failures="1">
  <properties>
[...]
</properties>
  <testcase name="testGetCartDetails" classname="com.rak.jwt.CartControllerTest" time="3.599"/>
  <testcase name="testAddToCart" classname="com.rak.jwt.CartControllerTest" time="0.246">
    <failure message="No value at JSON path &quot;$.property&quot;" type="java.lang.AssertionError">java.lang.AssertionError: No value at JSON path "$.property"
	at com.rak.jwt.CartControllerTest.testAddToCart(CartControllerTest.java:52)
Caused by: com.jayway.jsonpath.PathNotFoundException: No results for path: $['property']
	at com.rak.jwt.CartControllerTest.testAddToCart(CartControllerTest.java:52)
</failure>
    <system-out><![CDATA[22:38:15.457 [main] DEBUG _org.springframework.web.servlet.HandlerMapping.Mappings - 
	c.e.c.CartController:
	{GET [/addToCart/{productId}]}: addTocart(Integer)
	{DELETE [/deleteCartItem/{cartId}]}: deleteCartItem(Integer)
	{GET [/getCartDetails]}: getCartDetails()
22:38:15.459 [main] DEBUG org.springframework.web.servlet.mvc.method.annotation.RequestMappingHandlerMapping - 3 mappings in org.springframework.web.servlet.mvc.method.annotation.RequestMappingHandlerMapping
22:38:15.471 [main] DEBUG org.springframework.web.servlet.mvc.method.annotation.RequestMappingHandlerAdapter - ControllerAdvice beans: 0 @ModelAttribute, 0 @InitBinder, 1 RequestBodyAdvice, 1 ResponseBodyAdvice
22:38:15.477 [main] DEBUG org.springframework.web.servlet.mvc.method.annotation.ExceptionHandlerExceptionResolver - ControllerAdvice beans: 0 @ExceptionHandler, 1 ResponseBodyAdvice
22:38:15.477 [main] INFO org.springframework.mock.web.MockServletContext - Initializing Spring TestDispatcherServlet ''
22:38:15.478 [main] INFO org.springframework.test.web.servlet.TestDispatcherServlet - Initializing Servlet ''
22:38:15.478 [main] DEBUG org.springframework.test.web.servlet.TestDispatcherServlet - Detected AcceptHeaderLocaleResolver
22:38:15.478 [main] DEBUG org.springframework.test.web.servlet.TestDispatcherServlet - Detected FixedThemeResolver
22:38:15.479 [main] DEBUG org.springframework.test.web.servlet.TestDispatcherServlet - Detected org.springframework.web.servlet.view.DefaultRequestToViewNameTranslator@603b9d4b
22:38:15.479 [main] DEBUG org.springframework.test.web.servlet.TestDispatcherServlet - Detected org.springframework.web.servlet.support.SessionFlashMapManager@42cf5a6f
22:38:15.479 [main] DEBUG org.springframework.test.web.servlet.TestDispatcherServlet - enableLoggingRequestDetails='false': request parameters and headers will be masked to prevent unsafe logging of potentially sensitive data
22:38:15.479 [main] INFO org.springframework.test.web.servlet.TestDispatcherServlet - Completed initialization in 1 ms
22:38:15.484 [main] DEBUG org.springframework.test.web.servlet.TestDispatcherServlet - GET "/addToCart/123", parameters={}
22:38:15.486 [main] DEBUG org.springframework.web.servlet.mvc.method.annotation.RequestMappingHandlerMapping - Mapped to com.ecom.controller.CartController#addTocart(Integer)
22:38:15.668 [main] DEBUG org.springframework.web.servlet.mvc.method.annotation.RequestResponseBodyMethodProcessor - Using 'application/json', given [*/*] and supported [application/json, application/*+json]
22:38:15.668 [main] DEBUG org.springframework.web.servlet.mvc.method.annotation.RequestResponseBodyMethodProcessor - Writing [com.ecom.entity.Cart@4a1934e2]
22:38:15.670 [main] DEBUG org.springframework.test.web.servlet.TestDispatcherServlet - Completed 200 OK
22:38:15.673 [main] DEBUG com.jayway.jsonpath.internal.path.CompiledPath - Evaluating path: $['property']
]]></system-out>
  </testcase>
  <testcase name="testDeleteCartItem" classname="com.rak.jwt.CartControllerTest" time="0.036"/>
</testsuite>