<?xml version="1.0" encoding="UTF-8"?>
<testsuite xmlns:xsi="http://www.w3.org/2001/XMLSchema-instance" xsi:noNamespaceSchemaLocation="https://maven.apache.org/surefire/maven-surefire-plugin/xsd/surefire-test-report.xsd" name="com.rak.jwt.CartServiceTest" time="1.296" tests="1" errors="1" skipped="0" failures="0">
  <properties>
[...]
</properties>
  <testcase name="com.rak.jwt.CartServiceTest" classname="com.rak.jwt.CartServiceTest" time="1.292">
    <error message="Unable to find a @SpringBootConfiguration, you need to use @ContextConfiguration or @SpringBootTest(classes=...) with your test" type="java.lang.IllegalStateException">java.lang.IllegalStateException: Unable to find a @SpringBootConfiguration, you need to use @ContextConfiguration or @SpringBootTest(classes=...) with your test
</error>
    <system-out><![CDATA[23:02:15.033 [main] DEBUG org.springframework.test.context.BootstrapUtils - Instantiating CacheAwareContextLoaderDelegate from class [org.springframework.test.context.cache.DefaultCacheAwareContextLoaderDelegate]
23:02:15.116 [main] DEBUG org.springframework.test.context.BootstrapUtils - Instantiating BootstrapContext using constructor [public org.springframework.test.context.support.DefaultBootstrapContext(java.lang.Class,org.springframework.test.context.CacheAwareContextLoaderDelegate)]
23:02:15.366 [main] DEBUG org.springframework.test.context.BootstrapUtils - Instantiating TestContextBootstrapper for test class [com.rak.jwt.CartServiceTest] from class [org.springframework.boot.test.context.SpringBootTestContextBootstrapper]
23:02:15.464 [main] INFO org.springframework.boot.test.context.SpringBootTestContextBootstrapper - Neither @ContextConfiguration nor @ContextHierarchy found for test class [com.rak.jwt.CartServiceTest], using SpringBootContextLoader
23:02:15.501 [main] DEBUG org.springframework.test.context.support.AbstractContextLoader - Did not detect default resource location for test class [com.rak.jwt.CartServiceTest]: class path resource [com/rak/jwt/CartServiceTest-context.xml] does not exist
23:02:15.503 [main] DEBUG org.springframework.test.context.support.AbstractContextLoader - Did not detect default resource location for test class [com.rak.jwt.CartServiceTest]: class path resource [com/rak/jwt/CartServiceTestContext.groovy] does not exist
23:02:15.504 [main] INFO org.springframework.test.context.support.AbstractContextLoader - Could not detect default resource locations for test class [com.rak.jwt.CartServiceTest]: no resource found for suffixes {-context.xml, Context.groovy}.
23:02:15.508 [main] INFO org.springframework.test.context.support.AnnotationConfigContextLoaderUtils - Could not detect default configuration classes for test class [com.rak.jwt.CartServiceTest]: CartServiceTest does not declare any static, non-private, non-final, nested classes annotated with @Configuration.
23:02:15.729 [main] DEBUG org.springframework.test.context.support.ActiveProfilesUtils - Could not find an 'annotation declaring class' for annotation type [org.springframework.test.context.ActiveProfiles] and class [com.rak.jwt.CartServiceTest]
]]></system-out>
  </testcase>
</testsuite>